11/08/2023 15:14:09 - meta_class - DEBUG - Function : emergency_on 
                          MemoryUsage : 136 Bytes 
                         Time : 1.5497207641601562e-05 
                     
11/08/2023 15:14:43 - meta_class - DEBUG - Function : emergency_on
                        MemoryUsage : 136 Bytes
                        Time : 3.123283386230469e-05
                    
11/08/2023 15:16:32 - meta_class - DEBUG - Function : emergency_on
                        MemoryUsage : 136 Bytes
                        Time : 1.3828277587890625e-05
                    
11/08/2023 15:17:10 - meta_class - DEBUG - Function : emergency_on
                        MemoryUsage : 136 Bytes
                        Time : 3.0279159545898438e-05
                    
11/08/2023 15:18:46 - meta_class - DEBUG - Function : emergency_on
                        MemoryUsage : 136 Bytes
                        Time : 2.86102294921875e-05
                    
11/08/2023 15:19:01 - meta_class - DEBUG - Function : emergency_on
                        MemoryUsage : 136 Bytes
                        Time : 4.506111145019531e-05
                    
11/08/2023 15:19:25 - meta_class - DEBUG - Function : emergency_on
                        MemoryUsage : 136 Bytes
                        Time : 4.3392181396484375e-05
                    
11/08/2023 15:20:00 - meta_class - DEBUG - Function : emergency_on
                        MemoryUsage : 136 Bytes
                        Time : 3.7670135498046875e-05
                    
11/08/2023 15:20:32 - meta_class - DEBUG - Function : emergency_on
                        MemoryUsage : 136 Bytes
                        Time : 4.315376281738281e-05
                    
11/08/2023 15:28:29 - meta_class - DEBUG - Function : emergency_on
                        MemoryUsage : 136 Bytes
                        Time : 1.4781951904296875e-05
                    
